<?xml version="1.0" encoding="UTF-8"?>
<!-- Generated by org.testng.reporters.JUnitReportReporter -->
<testsuite hostname="DESKTOP-1E7MQ28" failures="0" tests="3" name="runner.Reporter_tag_practice" time="15.768" errors="0" timestamp="2024-09-27T12:33:38 IST" skipped="0">
  <testcase classname="runner.Reporter_tag_practice" name="runScenario" time="5.682"/>
  <system-out/>
  <testcase classname="runner.Reporter_tag_practice" name="runScenario" time="5.146"/>
  <system-out/>
  <testcase classname="runner.Reporter_tag_practice" name="runScenario" time="4.940"/>
  <system-out/>
</testsuite> <!-- runner.Reporter_tag_practice -->
