<?xml version="1.0" encoding="UTF-8"?>
<!-- Generated by org.testng.reporters.JUnitReportReporter -->
<testsuite hostname="DESKTOP-1E7MQ28" failures="0" tests="6" name="runner.Hooks_runner" time="37.786" errors="0" timestamp="2024-11-11T15:35:57 IST" skipped="0">
  <testcase classname="runner.Hooks_runner" name="runScenario" time="5.119"/>
  <system-out/>
  <testcase classname="runner.Hooks_runner" name="runScenario" time="4.770"/>
  <system-out/>
  <testcase classname="runner.Hooks_runner" name="runScenario" time="8.921"/>
  <system-out/>
  <testcase classname="runner.Hooks_runner" name="runScenario" time="8.416"/>
  <system-out/>
  <testcase classname="runner.Hooks_runner" name="runScenario" time="4.765"/>
  <system-out/>
  <testcase classname="runner.Hooks_runner" name="runScenario" time="5.795"/>
  <system-out/>
</testsuite> <!-- runner.Hooks_runner -->
