<?xml version="1.0" encoding="UTF-8"?>
<!-- Generated by org.testng.reporters.JUnitReportReporter -->
<testsuite hostname="DESKTOP-1E7MQ28" failures="0" tests="4" name="runner.Run" time="25.542" errors="0" timestamp="2024-11-11T15:11:42 IST" skipped="0">
  <testcase classname="runner.Run" name="runScenario" time="5.764"/>
  <system-out/>
  <testcase classname="runner.Run" name="runScenario" time="10.043"/>
  <system-out/>
  <testcase classname="runner.Run" name="runScenario" time="4.839"/>
  <system-out/>
  <testcase classname="runner.Run" name="runScenario" time="4.896"/>
  <system-out/>
</testsuite> <!-- runner.Run -->
